<?xml version="1.0" encoding="UTF-8"?>
<!-- Generated by org.testng.reporters.JUnitReportReporter -->
<testsuite hostname="DESKTOP-JUAQ0ON" failures="0" tests="1" name="com.mahabub.project.WeLearn_Automation.Course_Assign" time="23.271" errors="0" timestamp="2025-10-22T12:42:59 GMT+06:00" skipped="0">
  <testcase classname="com.mahabub.project.WeLearn_Automation.Course_Assign" name="CourseAssign" time="23.271"/>
</testsuite> <!-- com.mahabub.project.WeLearn_Automation.Course_Assign -->
