<?xml version="1.0" encoding="UTF-8"?>
<!-- Generated by org.testng.reporters.JUnitReportReporter -->
<testsuite hostname="DESKTOP-JUAQ0ON" failures="0" tests="1" name="com.mahabub.project.WeLearn_Automation.CreateCourseAI" time="18.949" errors="0" timestamp="2025-10-20T10:50:01 GMT+06:00" skipped="0">
  <testcase classname="com.mahabub.project.WeLearn_Automation.CreateCourseAI" name="fillCreateCourseForm" time="18.949"/>
</testsuite> <!-- com.mahabub.project.WeLearn_Automation.CreateCourseAI -->
