<?xml version="1.0" encoding="UTF-8"?>
<!-- Generated by org.testng.reporters.JUnitReportReporter -->
<testsuite hostname="DESKTOP-JUAQ0ON" failures="0" tests="1" name="com.mahabub.project.WeLearn_Automation.eDetailing_Create" time="19.620" errors="0" timestamp="2025-10-15T10:08:42 GMT+06:00" skipped="0">
  <testcase classname="com.mahabub.project.WeLearn_Automation.eDetailing_Create" name="eDetailingCreate" time="19.620"/>
</testsuite> <!-- com.mahabub.project.WeLearn_Automation.eDetailing_Create -->
