<?xml version="1.0" encoding="UTF-8"?>
<!-- Generated by org.testng.reporters.JUnitReportReporter -->
<testsuite hostname="DESKTOP-JUAQ0ON" failures="0" tests="1" name="com.mahabub.project.WeLearn_Automation.eDetailing_Submission" time="27.445" errors="0" timestamp="2025-10-15T10:10:52 GMT+06:00" skipped="0">
  <testcase classname="com.mahabub.project.WeLearn_Automation.eDetailing_Submission" name="uploadEdetailing" time="27.445"/>
</testsuite> <!-- com.mahabub.project.WeLearn_Automation.eDetailing_Submission -->
