<?xml version="1.0" encoding="UTF-8"?>
<!-- Generated by org.testng.reporters.JUnitReportReporter -->
<testsuite hostname="DESKTOP-JUAQ0ON" failures="0" tests="1" name="com.mahabub.project.WeLearn_Automation.eDetailing_Submission" time="26.958" errors="0" timestamp="2025-10-15T14:13:27 GMT+06:00" skipped="0">
  <testcase classname="com.mahabub.project.WeLearn_Automation.eDetailing_Submission" name="uploadEdetailing" time="26.958"/>
</testsuite> <!-- com.mahabub.project.WeLearn_Automation.eDetailing_Submission -->
