<?xml version="1.0" encoding="UTF-8"?>
<!-- Generated by org.testng.reporters.JUnitReportReporter -->
<testsuite hostname="DESKTOP-JUAQ0ON" failures="0" tests="1" name="com.mahabub.project.WeLearn_Automation.Create_Course" time="15.135" errors="0" timestamp="2025-10-30T15:54:05 GMT+06:00" skipped="0">
  <testcase classname="com.mahabub.project.WeLearn_Automation.Create_Course" name="Create_Course" time="15.135"/>
</testsuite> <!-- com.mahabub.project.WeLearn_Automation.Create_Course -->
