<?xml version="1.0" encoding="UTF-8"?>
<!-- Generated by org.testng.reporters.JUnitReportReporter -->
<testsuite hostname="DESKTOP-JUAQ0ON" failures="0" tests="1" name="com.mahabub.project.WeLearn_Automation.eDetailing_Review" time="18.411" errors="0" timestamp="2025-10-15T14:23:52 GMT+06:00" skipped="0">
  <testcase classname="com.mahabub.project.WeLearn_Automation.eDetailing_Review" name="Review" time="18.411"/>
</testsuite> <!-- com.mahabub.project.WeLearn_Automation.eDetailing_Review -->
