<?xml version="1.0" encoding="UTF-8"?>
<!-- Generated by org.testng.reporters.JUnitReportReporter -->
<testsuite hostname="DESKTOP-JUAQ0ON" failures="0" tests="1" name="com.mahabub.project.WeLearn_Automation.Create_A_Course" time="14.080" errors="0" timestamp="2025-10-16T15:19:20 GMT+06:00" skipped="0">
  <testcase classname="com.mahabub.project.WeLearn_Automation.Create_A_Course" name="Create_Course" time="14.080"/>
</testsuite> <!-- com.mahabub.project.WeLearn_Automation.Create_A_Course -->
